<?xml version="1.0" encoding="UTF-8"?>
<!-- Generated by org.testng.reporters.JUnitReportReporter -->
<testsuite skipped="0" hostname="DESKTOP-IK4EE2E" name="Test.Sample" tests="1" failures="0" timestamp="20 Jun 2019 19:46:13 GMT" time="10.394" errors="0">
  <testcase name="Test" time="10.394" classname="Test.Sample"/>
</testsuite> <!-- Test.Sample -->
